
> games@1.0.0 start
> webpack serve --mode development

<i> [webpack-dev-server] Project is running at:
<i> [webpack-dev-server] Loopback: http://localhost:3000/, http://[::1]:3000/
<i> [webpack-dev-server] On Your Network (IPv4): http://192.168.0.2:3000/
<i> [webpack-dev-server] Content not from webpack is served from '/app/games/public' directory
<i> [webpack-dev-server] 404s will fallback to '/index.html'
asset bundle.js 2.37 MiB [emitted] (name: main)
asset index.html 308 bytes [emitted]
runtime modules 28 KiB 14 modules
cacheable modules 2.04 MiB
  modules by path ./src/ 275 KiB
    modules by path ./src/pages/ 267 KiB
      modules by path ./src/pages/*.less 87.9 KiB 26 modules
      modules by path ./src/pages/*.jsx 179 KiB 13 modules
    modules by path ./src/*.jsx 2.72 KiB
      ./src/index.jsx 295 bytes [built] [code generated]
      ./src/App.jsx 2.44 KiB [built] [code generated]
    modules by path ./src/*.less 3.13 KiB
      ./src/global.less 2.43 KiB [built] [code generated]
      ./node_modules/css-loader/dist/cjs.js??ruleSet[1].rules[1].use[1]!./node_modules/less-loader/dist/cjs.js!./src/global.less 710 bytes [built] [code generated]
    ./src/audio.js 2.09 KiB [built] [code generated]
  modules by path ./node_modules/ 1.77 MiB 37 modules
webpack 5.105.4 compiled successfully in 3492 ms
